<?xml version="1.0" encoding="UTF-8"?>
<!-- Generated by org.testng.reporters.JUnitReportReporter -->
<testsuite hostname="DESKTOP-EOR6TGJ" failures="0" tests="3" name="com.testng.DataProvider_Concept" time="0.015" errors="0" timestamp="2022-10-26T19:59:11 IST" skipped="0">
  <testcase classname="com.testng.DataProvider_Concept" name="credentials" time="0.002"/>
  <system-out/>
  <testcase classname="com.testng.DataProvider_Concept" name="credentials" time="0.001"/>
  <system-out/>
  <testcase classname="com.testng.DataProvider_Concept" name="credentials" time="0.012"/>
  <system-out/>
</testsuite> <!-- com.testng.DataProvider_Concept -->
