<?xml version="1.0" encoding="UTF-8"?>
<!-- Generated by org.testng.reporters.JUnitReportReporter -->
<testsuite hostname="DESKTOP-EOR6TGJ" failures="0" tests="7" name="com.testng.IgnoreConcept" time="0.030" errors="0" timestamp="2022-10-20T20:00:52 IST" skipped="1">
  <testcase classname="com.testng.IgnoreConcept" name="biriyani" time="0.014"/>
  <system-out/>
  <testcase classname="com.testng.IgnoreConcept" name="noodles" time="0.005"/>
  <system-out/>
  <testcase classname="com.testng.IgnoreConcept" name="idly" time="0.004"/>
  <system-out/>
  <testcase classname="com.testng.IgnoreConcept" name="chappathi" time="0.002"/>
  <system-out/>
  <testcase classname="com.testng.IgnoreConcept" name="poori" time="0.003"/>
  <system-out/>
  <testcase classname="com.testng.IgnoreConcept" name="friedRice" time="0.002"/>
  <system-out/>
  <testcase classname="com.testng.IgnoreConcept" name="lemonRice">
    <skipped/>
  </testcase> <!-- lemonRice -->
  <system-out/>
</testsuite> <!-- com.testng.IgnoreConcept -->
