<?xml version="1.0" encoding="UTF-8"?>
<!-- Generated by org.testng.reporters.JUnitReportReporter -->
<testsuite hostname="DESKTOP-EOR6TGJ" failures="0" tests="6" name="com.testng.Dependency_Concept" time="0.030" errors="0" timestamp="2022-10-20T21:13:51 IST" skipped="0">
  <testcase classname="com.testng.Dependency_Concept" name="valid_Credentials" time="0.013"/>
  <system-out/>
  <testcase classname="com.testng.Dependency_Concept" name="homePage" time="0.003"/>
  <system-out/>
  <testcase classname="com.testng.Dependency_Concept" name="friendRequest" time="0.003"/>
  <system-out/>
  <testcase classname="com.testng.Dependency_Concept" name="login" time="0.003"/>
  <system-out/>
  <testcase classname="com.testng.Dependency_Concept" name="posts" time="0.003"/>
  <system-out/>
  <testcase classname="com.testng.Dependency_Concept" name="messages" time="0.005"/>
  <system-out/>
</testsuite> <!-- com.testng.Dependency_Concept -->
