<?xml version="1.0" encoding="UTF-8"?>
<!-- Generated by org.testng.reporters.JUnitReportReporter -->
<testsuite hostname="DESKTOP-EOR6TGJ" failures="0" tests="1" name="com.testng.Parameterized2" time="0.002" errors="0" timestamp="2022-10-21T20:07:13 IST" skipped="0">
  <testcase classname="com.testng.Parameterized2" name="login" time="0.002"/>
  <system-out/>
</testsuite> <!-- com.testng.Parameterized2 -->
