<?xml version="1.0" encoding="UTF-8"?>
<!-- Generated by org.testng.reporters.JUnitReportReporter -->
<testsuite hostname="DESKTOP-EOR6TGJ" failures="0" tests="1" name="com.testng.Soft_Assert" time="0.021" errors="0" timestamp="2022-10-26T20:26:11 IST" skipped="0">
  <testcase classname="com.testng.Soft_Assert" name="sample" time="0.021"/>
  <system-out/>
</testsuite> <!-- com.testng.Soft_Assert -->
