<?xml version="1.0" encoding="UTF-8"?>
<!-- Generated by org.testng.reporters.JUnitReportReporter -->
<testsuite hostname="DESKTOP-EOR6TGJ" failures="0" tests="2" name="com.testng.Parallel_Concept" time="0.032" errors="0" timestamp="2022-10-26T20:03:10 IST" skipped="0">
  <testcase classname="com.testng.Parallel_Concept" name="facebook" time="0.016"/>
  <system-out/>
  <testcase classname="com.testng.Parallel_Concept" name="whatsapp" time="0.016"/>
  <system-out/>
</testsuite> <!-- com.testng.Parallel_Concept -->
