<?xml version="1.0" encoding="UTF-8"?>
<!-- Generated by org.testng.reporters.JUnitReportReporter -->
<testsuite hostname="DESKTOP-EOR6TGJ" failures="0" tests="5" name="com.testng.SimpleAnnotations" time="0.106" errors="0" timestamp="2022-10-19T21:20:23 IST" skipped="0">
  <testcase classname="com.testng.SimpleAnnotations" name="women" time="0.014"/>
  <system-out/>
  <testcase classname="com.testng.SimpleAnnotations" name="kids" time="0.020"/>
  <system-out/>
  <testcase classname="com.testng.SimpleAnnotations" name="men" time="0.039"/>
  <system-out/>
  <testcase classname="com.testng.SimpleAnnotations" name="kids" time="0.012"/>
  <system-out/>
  <testcase classname="com.testng.SimpleAnnotations" name="kids" time="0.021"/>
  <system-out/>
</testsuite> <!-- com.testng.SimpleAnnotations -->
