<?xml version="1.0" encoding="UTF-8"?>
<!-- Generated by org.testng.reporters.JUnitReportReporter -->
<testsuite hostname="DESKTOP-EOR6TGJ" failures="0" tests="1" name="com.testng.Excepted_Expectations_Concept" time="0.016" errors="0" timestamp="2022-10-21T19:41:08 IST" skipped="0">
  <testcase classname="com.testng.Excepted_Expectations_Concept" name="demo" time="0.016"/>
  <system-out/>
</testsuite> <!-- com.testng.Excepted_Expectations_Concept -->
